============================= test session starts ==============================
platform linux -- Python 3.7.3, pytest-6.2.4, py-1.10.0, pluggy-0.13.1
rootdir: /app/src, configfile: pytest.ini
collected 233 items

src/test/org_user_tests/org.py .                                         [  0%]
src/test/cve_id_tests/cve_id.py .                                        [  0%]
src/test/cve_id_tests/cve_id_as_general_user.py ..                       [  1%]
src/test/cve_id_tests/cve_id_as_org_admin.py ..                          [  2%]
src/test/org_user_tests/org.py ....                                      [  4%]
src/test/org_user_tests/org_as_org_admin.py ...                          [  5%]
src/test/cve_id_tests/cve_id.py ........................                 [ 15%]
src/test/cve_id_tests/cve_id_as_general_user.py .                        [ 16%]
src/test/cve_id_tests/cve_id.py .                                        [ 16%]
src/test/cve_id_tests/cve_id_as_general_user.py .....                    [ 18%]
src/test/cve_id_tests/cve_id.py .                                        [ 19%]
src/test/cve_id_tests/cve_id_as_general_user.py ........................ [ 29%]
                                                                         [ 29%]
src/test/cve_id_tests/cve_id_as_org_admin.py .                           [ 30%]
src/test/cve_id_tests/cve_id.py .                                        [ 30%]
src/test/cve_id_tests/cve_id_as_org_admin.py .....                       [ 32%]
src/test/cve_id_tests/cve_id.py .                                        [ 33%]
src/test/cve_id_tests/cve_id_as_org_admin.py ........................    [ 43%]
src/test/cve_id_tests/cve_id_performance.py .....                        [ 45%]
src/test/cve_id_tests/cve_id_range.py .......................            [ 55%]
src/test/cve_tests/cve.py ..............                                 [ 61%]
src/test/cve_tests/cve_as_org_admin.py ....                              [ 63%]
src/test/cve_tests/cve_as_reg_user.py .F..                               [ 64%]
src/test/org_user_tests/org.py .                                         [ 65%]
src/test/cve_id_tests/cve_id.py ....                                     [ 66%]
src/test/org_user_tests/org.py ...........                               [ 71%]
src/test/cve_id_tests/cve_id.py .                                        [ 72%]
src/test/org_user_tests/org.py .......                                   [ 75%]
src/test/org_user_tests/org_as_org_admin.py .                            [ 75%]
src/test/cve_id_tests/cve_id.py .                                        [ 75%]
src/test/org_user_tests/org_as_org_admin.py .....                        [ 78%]
src/test/cve_id_tests/cve_id.py .                                        [ 78%]
src/test/org_user_tests/org_as_org_admin.py ..                           [ 79%]
src/test/cve_id_tests/cve_id.py .                                        [ 79%]
src/test/org_user_tests/org_as_org_admin.py .....................        [ 88%]
src/test/org_user_tests/regular_users.py ..........................      [100%]

=================================== FAILURES ===================================
_________________________________ test_get_cve _________________________________

reg_user_headers = {'CVE-API-KEY': '9e9d75f81bc730ffe9a428849aaf740b687a', 'CVE-API-ORG': '0fd573d6-9c01-4fc4-bb8a-a29c12b93f6a', 'CVE-API-USER': '56209d06-7931-44fe-ad28-1c7f23532c10'}

    def test_get_cve(reg_user_headers):
        """ services api rejects requests for regular users """
        res = requests.get(
            f'{env.AWG_BASE_URL}{CVE_URL}/{cve_id}',
            headers=reg_user_headers
        )
        assert res.status_code == 403
>       response_contains_json(res, 'error', 'SECRETARIAT_ONL')

src/test/cve_tests/cve_as_reg_user.py:30: 
_ _ _ _ _ _ _ _ _ _ _ _ _ _ _ _ _ _ _ _ _ _ _ _ _ _ _ _ _ _ _ _ _ _ _ _ _ _ _ _ 

response = <Response [403]>, json_key = 'error', is_this = 'SECRETARIAT_ONL'

    def response_contains_json(response, json_key, is_this):
>       assert json.loads(response.content.decode())[json_key] == is_this
E       AssertionError: assert 'SECRETARIAT_ONLY' == 'SECRETARIAT_ONL'
E         - SECRETARIAT_ONL
E         + SECRETARIAT_ONLY
E         ?                +

src/utils.py:35: AssertionError
=========================== short test summary info ============================
FAILED src/test/cve_tests/cve_as_reg_user.py::test_get_cve - AssertionError: ...
======================== 1 failed, 232 passed in 46.05s ========================
